[11:26:07] [ServerMain/INFO]: Building unoptimized datafixer
[11:26:10] [ServerMain/INFO]: Environment: authHost='https://authserver.mojang.com', accountsHost='https://api.mojang.com', sessionHost='https://sessionserver.mojang.com', servicesHost='https://api.minecraftservices.com', name='PROD'
[11:26:13] [ServerMain/INFO]: Loaded 7 recipes
[11:26:14] [Server thread/INFO]: Starting minecraft server version 1.19.2
[11:26:14] [Server thread/INFO]: Loading properties
[11:26:14] [Server thread/INFO]: This server is running Paper version git-Paper-183 (MC: 1.19.2) (Implementing API version 1.19.2-R0.1-SNAPSHOT) (Git: c6d7375)
[11:26:15] [Server thread/INFO]: Server Ping Player Sample Count: 12
[11:26:15] [Server thread/INFO]: Using 4 threads for Netty based IO
[11:26:15] [Server thread/INFO]: [io.papermc.paper.chunk.system.scheduling.ChunkTaskScheduler] Chunk system is using 1 I/O threads, 1 worker threads, and gen parallelism of 1 threads
[11:26:15] [Server thread/INFO]: Default game type: SURVIVAL
[11:26:15] [Server thread/INFO]: Generating keypair
[11:26:15] [Server thread/INFO]: Starting Minecraft server on *:25565
[11:26:16] [Server thread/INFO]: Using epoll channel type
[11:26:16] [Server thread/INFO]: Paper: Using libdeflate (Linux x86_64) compression from Velocity.
[11:26:16] [Server thread/INFO]: Paper: Using OpenSSL 3.0.x (Linux x86_64) cipher from Velocity.
[11:26:18] [Server thread/INFO]: [AdvancedBan] Loading AdvancedBan v2.3.0
[11:26:18] [Server thread/INFO]: [ViaVersion] Loading ViaVersion v4.4.2
[11:26:18] [Server thread/INFO]: [ViaVersion] ViaVersion 4.4.2 is now loaded, injecting!
[11:26:18] [Via-Mappingloader-0/INFO]: [ViaVersion] Loading 1.12 -> 1.13 mappings...
[11:26:18] [Via-Mappingloader-1/INFO]: [ViaVersion] Loading 1.13 -> 1.13.2 mappings...
[11:26:18] [Via-Mappingloader-2/INFO]: [ViaVersion] Loading 1.13.2 -> 1.14 mappings...
[11:26:18] [Via-Mappingloader-3/INFO]: [ViaVersion] Loading 1.14 -> 1.15 mappings...
[11:26:19] [Via-Mappingloader-0/INFO]: [ViaVersion] Loading block connection mappings ...
[11:26:19] [Via-Mappingloader-4/INFO]: [ViaVersion] Loading 1.15 -> 1.16 mappings...
[11:26:19] [Via-Mappingloader-5/INFO]: [ViaVersion] Loading 1.16 -> 1.16.2 mappings...
[11:26:19] [Via-Mappingloader-1/INFO]: [ViaVersion] Loading 1.16.2 -> 1.17 mappings...
[11:26:19] [Via-Mappingloader-2/INFO]: [ViaVersion] Loading 1.17 -> 1.18 mappings...
[11:26:19] [Via-Mappingloader-3/INFO]: [ViaVersion] Loading 1.18 -> 1.19 mappings...
[11:26:19] [Server thread/INFO]: [floodgate] Loading floodgate v2.2.0-SNAPSHOT (b73-4f36112)
[11:26:20] [Server thread/WARN]: [floodgate] en_ is not a supported Floodgate language.
[11:26:20] [Server thread/INFO]: [floodgate] Took 1,074ms to boot Floodgate
[11:26:20] [Server thread/INFO]: [ViaBackwards] Loading ViaBackwards v4.4.2
[11:26:20] [Server thread/INFO]: [ViaBackwards] Loading translations...
[11:26:20] [Via-Mappingloader-3/INFO]: [ViaBackwards] Loading 1.10 -> 1.9.4 mappings...
[11:26:20] [Via-Mappingloader-3/INFO]: [ViaBackwards] Loading 1.11 -> 1.10 mappings...
[11:26:20] [Via-Mappingloader-3/INFO]: [ViaBackwards] Loading 1.12 -> 1.11 mappings...
[11:26:20] [Via-Mappingloader-3/INFO]: [ViaBackwards] Loading 1.13 -> 1.12 mappings...
[11:26:21] [Via-Mappingloader-1/INFO]: [ViaBackwards] Loading 1.13.2 -> 1.13 mappings...
[11:26:21] [Via-Mappingloader-1/INFO]: [ViaBackwards] Loading 1.14 -> 1.13.2 mappings...
[11:26:21] [Via-Mappingloader-2/INFO]: [ViaBackwards] Loading 1.15 -> 1.14 mappings...
[11:26:21] [Via-Mappingloader-0/INFO]: [ViaBackwards] Loading 1.16 -> 1.15 mappings...
[11:26:21] [Via-Mappingloader-5/INFO]: [ViaBackwards] Loading 1.16.2 -> 1.16 mappings...
[11:26:21] [Via-Mappingloader-4/INFO]: [ViaBackwards] Loading 1.17 -> 1.16.2 mappings...
[11:26:21] [Via-Mappingloader-6/INFO]: [ViaBackwards] Loading 1.18 -> 1.17 mappings...
[11:26:21] [Via-Mappingloader-7/INFO]: [ViaBackwards] Loading 1.19 -> 1.18 mappings...
[11:26:21] [Server thread/INFO]: [SkinsRestorer] Loading SkinsRestorer v14.2.3
[11:26:21] [Server thread/INFO]: [Geyser-Spigot] Loading Geyser-Spigot v2.1.0-SNAPSHOT
[11:26:23] [Server thread/INFO]: [Geyser-Spigot] Loading extensions...
[11:26:23] [Server thread/INFO]: [Geyser-Spigot] Loaded 0 extension(s)
[11:26:23] [Server thread/INFO]: Server permissions file permissions.yml is empty, ignoring it
[11:26:23] [Server thread/WARN]: **** SERVER IS RUNNING IN OFFLINE/INSECURE MODE!
[11:26:23] [Server thread/WARN]: The server will make no attempt to authenticate usernames. Beware.
[11:26:23] [Server thread/WARN]: While this makes the game possible to play without internet access, it also opens up the ability for hackers to connect with any username they choose.
[11:26:23] [Server thread/WARN]: To change this, set "online-mode" to "true" in the server.properties file.
[11:26:23] [Server thread/INFO]: Preparing level "world"
[11:26:24] [Server thread/INFO]: Preparing start region for dimension minecraft:overworld
[11:26:25] [Server thread/INFO]: Time elapsed: 428 ms
[11:26:25] [Server thread/INFO]: Preparing start region for dimension minecraft:the_nether
[11:26:25] [Server thread/INFO]: Time elapsed: 231 ms
[11:26:25] [Server thread/INFO]: Preparing start region for dimension minecraft:the_end
[11:26:25] [Server thread/INFO]: Time elapsed: 99 ms
[11:26:25] [Server thread/INFO]: [AdvancedBan] Enabling AdvancedBan v2.3.0
[11:26:25] [Server thread/INFO]: [me.leoko.advancedban.shaded.com.zaxxer.hikari.HikariDataSource] HikariPool-1 - Starting...
[11:26:27] [Server thread/INFO]: [me.leoko.advancedban.shaded.com.zaxxer.hikari.pool.PoolBase] HikariPool-1 - Driver does not support get/set network timeout for connections. (feature not supported)
[11:26:27] [Server thread/INFO]: [me.leoko.advancedban.shaded.com.zaxxer.hikari.HikariDataSource] HikariPool-1 - Start completed.
[11:26:28] [Server thread/INFO]: 
 
[]=====[Enabling AdvancedBan]=====[]
| Information:
|   Name: AdvancedBan
|   Developer: Leoko
|   Version: 2.3.0
|   Storage: HSQLDB (local)
| Support:
|   Github: https://github.com/DevLeoko/AdvancedBan/issues
|   Discord: https://discord.gg/ycDG6rS
| Twitter: @LeokoGar
| Update:
|   You have the newest version
[]================================[]
 
[11:26:28] [Server thread/INFO]: [ViaVersion] Enabling ViaVersion v4.4.2
[11:26:28] [Server thread/INFO]: [floodgate] Enabling floodgate v2.2.0-SNAPSHOT (b73-4f36112)
[11:26:29] [Server thread/INFO]: [ViaBackwards] Enabling ViaBackwards v4.4.2
[11:26:29] [Server thread/INFO]: [SkinsRestorer] Enabling SkinsRestorer v14.2.3
[11:26:30] [Server thread/INFO]: [33;1m[[32;22mSkinsRestorer[33;1m] [0;39m[32;1mDetected Minecraft [33;1mv1_19_R1[32;1m, using [33;1mMappingSpigotSkinRefresher[32;1m.[0;39m
[11:26:30] [Server thread/INFO]: [SkinsRestorer] [ACF] Enabled Asynchronous Tab Completion Support!
[11:26:31] [Server thread/INFO]: [Geyser-Spigot] Enabling Geyser-Spigot v2.1.0-SNAPSHOT
[11:26:31] [Server thread/INFO]: [Geyser-Spigot] ******************************************
[11:26:31] [Server thread/INFO]: [Geyser-Spigot] 
[11:26:31] [Server thread/INFO]: [Geyser-Spigot] Loading Geyser version 2.1.0-SNAPSHOT (git-master-a84362a)
[11:26:31] [Server thread/INFO]: [Geyser-Spigot] 
[11:26:31] [Server thread/INFO]: [Geyser-Spigot] ******************************************
[11:26:40] [Network Listener - #3/INFO]: [Geyser-Spigot] Started Geyser on 0.0.0.0:19132
[11:26:40] [Server thread/INFO]: [Geyser-Spigot] Done (8.996s)! Run /geyser help for help!
[11:26:40] [Server thread/INFO]: Running delayed init tasks
[11:26:40] [Server thread/INFO]: [ViaVersion] ViaVersion detected server version: 1.19.1/2 (760)
[11:26:40] [Server thread/INFO]: [ViaVersion] Finished mapping loading, shutting down loader executor!
[11:26:40] [Server thread/INFO]: Done (26.358s)! For help, type "help"
[11:26:40] [Server thread/INFO]: Timings Reset
[11:26:41] [Craft Scheduler Thread - 2 - SkinsRestorer/INFO]: [33;1m[[32;22mSkinsRestorer[33;1m] [0;39m[32;1m----------------------------------------------[0;39m
[11:26:41] [Craft Scheduler Thread - 2 - SkinsRestorer/INFO]: [33;1m[[32;22mSkinsRestorer[33;1m] [0;39m[32;1m    +==================+[0;39m
[11:26:41] [Craft Scheduler Thread - 2 - SkinsRestorer/INFO]: [33;1m[[32;22mSkinsRestorer[33;1m] [0;39m[32;1m    |   SkinsRestorer  |[0;39m
[11:26:41] [Craft Scheduler Thread - 2 - SkinsRestorer/INFO]: [33;1m[[32;22mSkinsRestorer[33;1m] [0;39m[32;1m    |------------------|[0;39m
[11:26:41] [Craft Scheduler Thread - 2 - SkinsRestorer/INFO]: [33;1m[[32;22mSkinsRestorer[33;1m] [0;39m[32;1m    |  [34;1m[4m[21mStandalone Mode[0;39m[32;1m |[0;39m
[11:26:41] [Craft Scheduler Thread - 2 - SkinsRestorer/INFO]: [33;1m[[32;22mSkinsRestorer[33;1m] [0;39m[32;1m    +==================+[0;39m
[11:26:41] [Craft Scheduler Thread - 2 - SkinsRestorer/INFO]: [33;1m[[32;22mSkinsRestorer[33;1m] [0;39m[32;1m----------------------------------------------[0;39m
[11:26:41] [Craft Scheduler Thread - 2 - SkinsRestorer/INFO]: [33;1m[[32;22mSkinsRestorer[33;1m] [0;39m[36;1m    Current version: [32;1m14.2.3[0;39m
[11:26:41] [Craft Scheduler Thread - 2 - SkinsRestorer/INFO]: [33;1m[[32;22mSkinsRestorer[33;1m] [0;39m[32;1m    This is the latest version![0;39m
[11:26:41] [Craft Scheduler Thread - 2 - SkinsRestorer/INFO]: [33;1m[[32;22mSkinsRestorer[33;1m] [0;39m[32;1m----------------------------------------------[0;39m
[11:27:39] [Server thread/INFO]: Stopping the server
[11:27:39] [Server thread/INFO]: Stopping server
[11:27:39] [Server thread/INFO]: [Geyser-Spigot] Disabling Geyser-Spigot v2.1.0-SNAPSHOT
[11:27:39] [Server thread/INFO]: [Geyser-Spigot] Shutting down Geyser.
[11:27:39] [Server thread/INFO]: [Geyser-Spigot] Geyser shutdown successfully.
[11:27:39] [Server thread/INFO]: [SkinsRestorer] Disabling SkinsRestorer v14.2.3
[11:27:39] [Server thread/INFO]: [ViaBackwards] Disabling ViaBackwards v4.4.2
[11:27:39] [Server thread/INFO]: [floodgate] Disabling floodgate v2.2.0-SNAPSHOT (b73-4f36112)
[11:27:39] [Server thread/INFO]: [ViaVersion] Disabling ViaVersion v4.4.2
[11:27:39] [Server thread/INFO]: [ViaVersion] ViaVersion is disabling, if this is a reload and you experience issues consider rebooting.
[11:27:39] [Server thread/INFO]: [AdvancedBan] Disabling AdvancedBan v2.3.0
[11:27:39] [WebSocketConnectReadThread-70/INFO]: [Geyser-Spigot] The skin uploader has been closed
[11:27:39] [Server thread/INFO]: [hsqldb.db.HSQLDB837F6213F1.ENGINE] Database closed
[11:27:39] [Server thread/INFO]: [me.leoko.advancedban.shaded.com.zaxxer.hikari.HikariDataSource] HikariPool-1 - Shutdown initiated...
[11:27:39] [Server thread/INFO]: [me.leoko.advancedban.shaded.com.zaxxer.hikari.HikariDataSource] HikariPool-1 - Shutdown completed.
[11:27:39] [Server thread/INFO]: 
 
[]=====[Disabling AdvancedBan]=====[]
| Information:
|   Name: AdvancedBan
|   Developer: Leoko
|   Version: 2.3.0
|   Storage: HSQLDB (local)
| Support:
|   Github: https://github.com/DevLeoko/AdvancedBan/issues
|   Discord: https://discord.gg/ycDG6rS
| Twitter: @LeokoGar
[]================================[]
 
[11:27:39] [Server thread/INFO]: Saving players
[11:27:39] [Server thread/INFO]: Saving worlds
[11:27:39] [Server thread/INFO]: Saving chunks for level 'ServerLevel[world]'/minecraft:overworld
[11:27:39] [Server thread/INFO]: [io.papermc.paper.chunk.system.scheduling.ChunkHolderManager] Waiting 60s for chunk system to halt for world 'world'
[11:27:39] [Server thread/INFO]: [io.papermc.paper.chunk.system.scheduling.ChunkHolderManager] Halted chunk system for world 'world'
[11:27:39] [Server thread/INFO]: [io.papermc.paper.chunk.system.scheduling.ChunkHolderManager] Saving all chunkholders for world 'world'
[11:27:40] [Server thread/INFO]: [io.papermc.paper.chunk.system.scheduling.ChunkHolderManager] Saved 529 chunks in world 'world' in 1s
[11:27:41] [Server thread/INFO]: ThreadedAnvilChunkStorage (world): All chunks are saved
[11:27:41] [Server thread/INFO]: Saving chunks for level 'ServerLevel[world_nether]'/minecraft:the_nether
[11:27:41] [Server thread/INFO]: [io.papermc.paper.chunk.system.scheduling.ChunkHolderManager] Waiting 60s for chunk system to halt for world 'world_nether'
[11:27:41] [Server thread/INFO]: [io.papermc.paper.chunk.system.scheduling.ChunkHolderManager] Halted chunk system for world 'world_nether'
[11:27:41] [Server thread/INFO]: [io.papermc.paper.chunk.system.scheduling.ChunkHolderManager] Saving all chunkholders for world 'world_nether'
[11:27:42] [Server thread/INFO]: [io.papermc.paper.chunk.system.scheduling.ChunkHolderManager] Saved 529 chunks in world 'world_nether' in 0s
[11:27:43] [Server thread/INFO]: ThreadedAnvilChunkStorage (DIM-1): All chunks are saved
[11:27:43] [Server thread/INFO]: Saving chunks for level 'ServerLevel[world_the_end]'/minecraft:the_end
[11:27:43] [Server thread/INFO]: [io.papermc.paper.chunk.system.scheduling.ChunkHolderManager] Waiting 60s for chunk system to halt for world 'world_the_end'
[11:27:43] [Server thread/INFO]: [io.papermc.paper.chunk.system.scheduling.ChunkHolderManager] Halted chunk system for world 'world_the_end'
[11:27:43] [Server thread/INFO]: [io.papermc.paper.chunk.system.scheduling.ChunkHolderManager] Saving all chunkholders for world 'world_the_end'
[11:27:43] [Server thread/INFO]: [io.papermc.paper.chunk.system.scheduling.ChunkHolderManager] Saved 529 chunks in world 'world_the_end' in 0s
[11:27:44] [Server thread/INFO]: ThreadedAnvilChunkStorage (DIM1): All chunks are saved
[11:27:44] [Server thread/INFO]: ThreadedAnvilChunkStorage: All dimensions are saved
[11:27:44] [Server thread/INFO]: Flushing Chunk IO
[11:27:44] [Server thread/INFO]: Closing Thread Pool
[11:27:44] [Server thread/INFO]: Closing Server
